<?xml version="1.0" encoding="UTF-8" standalone="no"?><testsuite errors="0" failures="1" name="Comment Buzz post" skipped="0" tests="1" time="19.46" timestamp="2025-01-04 01:25:02"><testcase name="Add a comment to a post"><failure message="An unexpected error occurred while verifying the post existence: stale element reference: stale element not found in the current frame&#10;  (Session info: chrome=131.0.6778.204)&#10;For documentation on this error, please visit: https://www.selenium.dev/documentation/webdriver/troubleshooting/errors#stale-element-reference-exception&#10;Build info: version: '4.26.0', revision: '8ccf0219d7'&#10;System info: os.name: 'Windows 10', os.arch: 'amd64', os.version: '10.0', java.version: '23.0.1'&#10;Driver info: org.openqa.selenium.chrome.ChromeDriver&#10;Command: [a80eb5e06ee6f76d23263a65510934ae, clickElement {id=f.A4FA76519B7275BD975F862E25A3B943.d.F085FD263E09471A8F8CE464E55EB404.e.65}]&#10;Capabilities {acceptInsecureCerts: false, browserName: chrome, browserVersion: 131.0.6778.204, chrome: {chromedriverVersion: 131.0.6778.204 (52183f9e99a..., userDataDir: C:\Windows\SystemTemp\scope...}, fedcm:accounts: true, goog:chromeOptions: {debuggerAddress: localhost:55763}, networkConnectionEnabled: false, pageLoadStrategy: normal, platformName: windows, proxy: Proxy(), se:cdp: ws://localhost:55763/devtoo..., se:cdpVersion: 131.0.6778.204, setWindowRect: true, strictFileInteractability: false, timeouts: {implicit: 0, pageLoad: 300000, script: 30000}, unhandledPromptBehavior: dismiss and notify, webauthn:extension:credBlob: true, webauthn:extension:largeBlob: true, webauthn:extension:minPinLength: true, webauthn:extension:prf: true, webauthn:virtualAuthenticators: true}&#10;Element: [[ChromeDriver: chrome on windows (a80eb5e06ee6f76d23263a65510934ae)] -&gt; xpath: //p[contains(@class, 'orangehrm-buzz-post-body-text') and text()='this is a new post for testing on 8423455']/ancestor::div[contains(@class,'oxd-grid-item')]/descendant::i[contains(@class, 'bi-chat-text-fill')]/parent::button]&#10;Session ID: a80eb5e06ee6f76d23263a65510934ae" type="java.lang.AssertionError">An unexpected error occurred while verifying the post existence: stale element reference: stale element not found in the current frame
  (Session info: chrome=131.0.6778.204)
For documentation on this error, please visit: https://www.selenium.dev/documentation/webdriver/troubleshooting/errors#stale-element-reference-exception
Build info: version: '4.26.0', revision: '8ccf0219d7'
System info: os.name: 'Windows 10', os.arch: 'amd64', os.version: '10.0', java.version: '23.0.1'
Driver info: org.openqa.selenium.chrome.ChromeDriver
Command: [a80eb5e06ee6f76d23263a65510934ae, clickElement {id=f.A4FA76519B7275BD975F862E25A3B943.d.F085FD263E09471A8F8CE464E55EB404.e.65}]
Capabilities {acceptInsecureCerts: false, browserName: chrome, browserVersion: 131.0.6778.204, chrome: {chromedriverVersion: 131.0.6778.204 (52183f9e99a..., userDataDir: C:\Windows\SystemTemp\scope...}, fedcm:accounts: true, goog:chromeOptions: {debuggerAddress: localhost:55763}, networkConnectionEnabled: false, pageLoadStrategy: normal, platformName: windows, proxy: Proxy(), se:cdp: ws://localhost:55763/devtoo..., se:cdpVersion: 131.0.6778.204, setWindowRect: true, strictFileInteractability: false, timeouts: {implicit: 0, pageLoad: 300000, script: 30000}, unhandledPromptBehavior: dismiss and notify, webauthn:extension:credBlob: true, webauthn:extension:largeBlob: true, webauthn:extension:minPinLength: true, webauthn:extension:prf: true, webauthn:virtualAuthenticators: true}
Element: [[ChromeDriver: chrome on windows (a80eb5e06ee6f76d23263a65510934ae)] -&gt; xpath: //p[contains(@class, 'orangehrm-buzz-post-body-text') and text()='this is a new post for testing on 8423455']/ancestor::div[contains(@class,'oxd-grid-item')]/descendant::i[contains(@class, 'bi-chat-text-fill')]/parent::button]
Session ID: a80eb5e06ee6f76d23263a65510934ae</failure><system-err>An unexpected error occurred while verifying the post existence: stale element reference: stale element not found in the current frame
  (Session info: chrome=131.0.6778.204)
For documentation on this error, please visit: https://www.selenium.dev/documentation/webdriver/troubleshooting/errors#stale-element-reference-exception
Build info: version: '4.26.0', revision: '8ccf0219d7'
System info: os.name: 'Windows 10', os.arch: 'amd64', os.version: '10.0', java.version: '23.0.1'
Driver info: org.openqa.selenium.chrome.ChromeDriver
Command: [a80eb5e06ee6f76d23263a65510934ae, clickElement {id=f.A4FA76519B7275BD975F862E25A3B943.d.F085FD263E09471A8F8CE464E55EB404.e.65}]
Capabilities {acceptInsecureCerts: false, browserName: chrome, browserVersion: 131.0.6778.204, chrome: {chromedriverVersion: 131.0.6778.204 (52183f9e99a..., userDataDir: C:\Windows\SystemTemp\scope...}, fedcm:accounts: true, goog:chromeOptions: {debuggerAddress: localhost:55763}, networkConnectionEnabled: false, pageLoadStrategy: normal, platformName: windows, proxy: Proxy(), se:cdp: ws://localhost:55763/devtoo..., se:cdpVersion: 131.0.6778.204, setWindowRect: true, strictFileInteractability: false, timeouts: {implicit: 0, pageLoad: 300000, script: 30000}, unhandledPromptBehavior: dismiss and notify, webauthn:extension:credBlob: true, webauthn:extension:largeBlob: true, webauthn:extension:minPinLength: true, webauthn:extension:prf: true, webauthn:virtualAuthenticators: true}
Element: [[ChromeDriver: chrome on windows (a80eb5e06ee6f76d23263a65510934ae)] -&gt; xpath: //p[contains(@class, 'orangehrm-buzz-post-body-text') and text()='this is a new post for testing on 8423455']/ancestor::div[contains(@class,'oxd-grid-item')]/descendant::i[contains(@class, 'bi-chat-text-fill')]/parent::button]
Session ID: a80eb5e06ee6f76d23263a65510934ae&#13;
pages.OrangeHrmBuzzPage.clickCommentButton(OrangeHrmBuzzPage.java:48)&#13;
steps.BuzzSteps.clickCommentButton(BuzzSteps.java:31)&#13;
tests.AddBuzzCommentStepDefinitions.when_user_clicks_on_the_comment_button(AddBuzzCommentStepDefinitions.java:16)&#13;
âœ½.user clicks on the comment button of the post with content "this is a new post for testing on 8423455"(classpath:features/CommentBuzzPost.feature:14)&#13;
</system-err></testcase></testsuite>